TN:
SF:src\chunk.js
FN:4,sha256
FN:9,normAddr
FN:19,extractAddrs
FN:26,chunkText
FN:49,anonymous_4
FN:53,chunkMarkdown
FN:79,chunkCode
FNDA:39,sha256
FNDA:83,normAddr
FNDA:16,extractAddrs
FNDA:22,chunkText
FNDA:27,anonymous_4
FNDA:76,chunkMarkdown
FNDA:17,chunkCode
FNF:7
FNH:7
BRDA:1,0,0,3
BRDA:4,1,0,39
BRDA:9,2,0,83
BRDA:10,3,0,1
BRDA:19,4,0,11
BRDA:21,5,0,16
BRDA:26,6,0,22
BRDA:28,7,0,6
BRDA:28,8,0,4
BRDA:28,9,0,2
BRDA:28,10,0,3
BRDA:32,11,0,11
BRDA:34,12,0,8
BRDA:35,13,0,7
BRDA:35,14,0,1
BRDA:37,15,0,7
BRDA:42,16,0,10
BRDA:42,17,0,9
BRDA:46,18,0,9
BRDA:46,19,0,2
BRDA:47,20,0,3
BRDA:49,21,0,27
BRDA:53,22,0,15
BRDA:58,23,0,76
BRDA:60,24,0,15
BRDA:64,25,0,61
BRDA:72,26,0,2
BRDA:61,27,0,2
BRDA:70,28,0,4
BRDA:71,29,0,6
BRDA:72,30,0,2
BRDA:72,31,0,4
BRDA:79,32,0,17
BRDA:81,33,0,1
BRDA:84,34,0,1
BRDA:86,35,0,4
BRDA:89,36,0,1
BRDA:90,37,0,1
BRDA:83,38,0,0
BRF:39
BRH:38
DA:1,3
DA:2,3
DA:3,3
DA:4,3
DA:5,39
DA:6,39
DA:7,3
DA:8,3
DA:9,3
DA:10,83
DA:11,83
DA:12,83
DA:13,3
DA:14,3
DA:15,3
DA:16,3
DA:17,3
DA:18,3
DA:19,3
DA:20,11
DA:21,11
DA:22,11
DA:23,11
DA:24,3
DA:25,3
DA:26,3
DA:27,22
DA:28,22
DA:29,3
DA:30,3
DA:31,3
DA:32,22
DA:33,11
DA:34,11
DA:35,8
DA:36,8
DA:37,8
DA:38,8
DA:39,8
DA:40,8
DA:41,8
DA:42,11
DA:43,9
DA:44,9
DA:45,9
DA:46,11
DA:47,11
DA:48,3
DA:49,3
DA:50,22
DA:51,3
DA:52,3
DA:53,3
DA:54,15
DA:55,15
DA:56,15
DA:57,15
DA:58,15
DA:59,76
DA:60,76
DA:61,15
DA:62,15
DA:63,15
DA:64,76
DA:65,61
DA:66,61
DA:67,76
DA:68,15
DA:69,15
DA:70,15
DA:71,4
DA:72,6
DA:73,6
DA:74,4
DA:75,15
DA:76,15
DA:77,3
DA:78,3
DA:79,3
DA:80,17
DA:81,17
DA:82,1
DA:83,1
DA:84,1
DA:85,1
DA:86,17
DA:87,4
DA:88,4
DA:89,4
DA:90,4
DA:91,1
DA:92,17
LH:92
LF:92
end_of_record
SF:src\config.js
FN:17,str
FN:22,num
FN:41,claudeProjectDir
FNDA:71,str
FNDA:42,num
FNDA:7,claudeProjectDir
FNF:3
FNH:3
BRDA:1,0,0,9
BRDA:17,1,0,71
BRDA:19,2,0,11
BRDA:19,3,0,29
BRDA:19,4,0,11
BRDA:22,5,0,42
BRDA:24,6,0,2
BRDA:24,7,0,4
BRDA:24,8,0,1
BRDA:26,9,0,1
BRDA:24,10,0,1
BRDA:41,11,0,7
BRF:12
BRH:12
DA:1,9
DA:2,9
DA:3,9
DA:4,9
DA:5,9
DA:6,9
DA:7,9
DA:8,9
DA:9,9
DA:10,9
DA:11,9
DA:12,9
DA:13,9
DA:14,9
DA:15,9
DA:16,9
DA:17,71
DA:18,71
DA:19,71
DA:20,71
DA:21,9
DA:22,42
DA:23,42
DA:24,42
DA:25,1
DA:26,1
DA:27,1
DA:28,42
DA:29,9
DA:30,9
DA:31,9
DA:32,9
DA:33,9
DA:34,9
DA:35,9
DA:36,9
DA:37,9
DA:38,9
DA:39,9
DA:40,9
DA:41,7
DA:42,7
DA:43,7
DA:44,7
DA:45,9
DA:46,9
DA:47,9
DA:48,9
DA:49,9
DA:50,9
DA:51,9
DA:52,9
DA:53,9
DA:54,9
DA:55,9
DA:56,9
DA:57,9
DA:58,9
DA:59,9
DA:60,9
DA:61,9
DA:62,9
DA:63,9
DA:64,9
DA:65,9
DA:66,9
DA:67,9
DA:68,9
DA:69,9
DA:70,9
DA:71,9
DA:72,9
DA:73,9
DA:74,9
DA:75,9
DA:76,9
DA:77,9
DA:78,9
DA:79,9
DA:80,9
DA:81,9
DA:82,9
DA:83,9
DA:84,9
DA:85,9
DA:86,9
DA:87,9
DA:88,9
DA:89,9
DA:90,9
DA:91,9
DA:92,9
DA:93,9
DA:94,9
DA:95,9
DA:96,9
DA:97,9
DA:98,9
DA:99,9
DA:100,9
DA:101,9
DA:102,9
DA:103,9
DA:104,9
DA:105,9
DA:106,9
DA:107,9
DA:108,9
DA:109,9
DA:110,9
DA:111,9
LH:111
LF:111
end_of_record
SF:src\db.js
FN:6,connect
FN:11,openTable
FN:18,createTable
FN:23,esc
FNDA:15,connect
FNDA:14,openTable
FNDA:1,createTable
FNDA:8,esc
FNF:4
FNH:4
BRDA:1,0,0,2
BRDA:6,1,0,15
BRDA:7,2,0,1
BRDA:11,3,0,14
BRDA:14,4,0,1
BRDA:14,5,0,13
BRDA:18,6,0,1
BRDA:23,7,0,8
BRF:8
BRH:8
DA:1,2
DA:2,2
DA:3,2
DA:4,2
DA:5,2
DA:6,2
DA:7,15
DA:8,15
DA:9,15
DA:10,2
DA:11,2
DA:12,14
DA:13,14
DA:14,14
DA:15,13
DA:16,14
DA:17,2
DA:18,2
DA:19,1
DA:20,1
DA:21,1
DA:22,2
DA:23,2
DA:24,8
DA:25,8
DA:26,2
DA:27,2
LH:27
LF:27
end_of_record
SF:src\embed.js
FN:5,getExtractor
FN:7,anonymous_1
FN:17,embedPassages
FN:21,anonymous_3
FN:33,embedQuery
FNDA:8,getExtractor
FNDA:1,anonymous_1
FNDA:8,embedPassages
FNDA:8,anonymous_3
FNDA:2,embedQuery
FNF:5
FNH:5
BRDA:1,0,0,1
BRDA:5,1,0,8
BRDA:6,2,0,1
BRDA:7,3,0,1
BRDA:17,4,0,8
BRDA:21,5,0,8
BRDA:21,6,0,0
BRDA:33,7,0,2
BRF:8
BRH:7
DA:1,1
DA:2,1
DA:3,1
DA:4,1
DA:5,8
DA:6,8
DA:7,1
DA:8,1
DA:9,1
DA:10,1
DA:11,1
DA:12,1
DA:13,8
DA:14,8
DA:15,1
DA:16,1
DA:17,1
DA:18,8
DA:19,8
DA:20,8
DA:21,8
DA:22,8
DA:23,8
DA:24,8
DA:25,8
DA:26,8
DA:27,8
DA:28,8
DA:29,8
DA:30,8
DA:31,8
DA:32,1
DA:33,1
DA:34,2
DA:35,2
DA:36,2
LH:36
LF:36
end_of_record
SF:src\env.js
FN:9,parseEnv
FN:36,applyEnv
FN:45,loadEnvFile
FNDA:23,parseEnv
FNDA:4,applyEnv
FNDA:11,loadEnvFile
FNF:3
FNH:3
BRDA:1,0,0,10
BRDA:9,1,0,12
BRDA:11,2,0,23
BRDA:13,3,0,21
BRDA:13,4,0,4
BRDA:13,5,0,19
BRDA:14,6,0,1
BRDA:14,7,0,19
BRDA:16,8,0,2
BRDA:16,9,0,17
BRDA:18,10,0,1
BRDA:18,11,0,16
BRDA:20,12,0,2
BRDA:20,13,0,2
BRDA:20,14,0,2
BRDA:22,15,0,14
BRDA:22,16,0,1
BRDA:22,17,0,1
BRDA:22,18,0,1
BRDA:24,19,0,13
BRDA:26,20,0,1
BRDA:27,21,0,16
BRDA:36,22,0,2
BRDA:38,23,0,4
BRDA:39,24,0,2
BRDA:45,25,0,11
BRDA:47,26,0,1
BRF:27
BRH:27
DA:1,10
DA:2,10
DA:3,10
DA:4,10
DA:5,10
DA:6,10
DA:7,10
DA:8,10
DA:9,10
DA:10,12
DA:11,12
DA:12,23
DA:13,23
DA:14,23
DA:15,19
DA:16,23
DA:17,17
DA:18,23
DA:19,16
DA:20,23
DA:21,2
DA:22,23
DA:23,1
DA:24,14
DA:25,13
DA:26,13
DA:27,13
DA:28,16
DA:29,16
DA:30,12
DA:31,12
DA:32,10
DA:33,10
DA:34,10
DA:35,10
DA:36,10
DA:37,2
DA:38,2
DA:39,4
DA:40,4
DA:41,2
DA:42,2
DA:43,10
DA:44,10
DA:45,10
DA:46,11
DA:47,11
DA:48,1
DA:49,11
LH:49
LF:49
end_of_record
SF:src\ingest.js
FN:20,argVal
FN:25,ingest
FN:25,log
FN:46,flushDeletes
FN:48,anonymous_4
FN:52,flushRows
FN:80,anonymous_6
FN:96,anonymous_7
FN:102,anonymous_8
FN:103,anonymous_9
FN:117,anonymous_10
FN:119,anonymous_11
FN:141,anonymous_12
FN:144,anonymous_13
FN:147,anonymous_14
FNDA:0,argVal
FNDA:16,ingest
FNDA:0,log
FNDA:6,flushDeletes
FNDA:0,anonymous_4
FNDA:4,flushRows
FNDA:6,anonymous_6
FNDA:6,anonymous_7
FNDA:6,anonymous_8
FNDA:6,anonymous_9
FNDA:7,anonymous_10
FNDA:1,anonymous_11
FNDA:0,anonymous_12
FNDA:0,anonymous_13
FNDA:0,anonymous_14
FNF:15
FNH:9
BRDA:1,0,0,1
BRDA:140,1,0,0
BRDA:25,2,0,4
BRDA:26,3,0,0
BRDA:27,4,0,5
BRDA:27,5,0,0
BRDA:33,6,0,3
BRDA:33,7,0,3
BRDA:35,8,0,16
BRDA:35,9,0,7
BRDA:36,10,0,1
BRDA:36,11,0,0
BRDA:36,12,0,0
BRDA:60,13,0,12
BRDA:62,14,0,6
BRDA:69,15,0,1
BRDA:69,16,0,0
BRDA:78,17,0,6
BRDA:108,18,0,0
BRDA:108,19,0,6
BRDA:110,20,0,0
BRDA:118,21,0,1
BRDA:126,22,0,2
BRDA:126,23,0,3
BRDA:130,24,0,0
BRDA:133,25,0,0
BRDA:46,26,0,6
BRDA:47,27,0,5
BRDA:47,28,0,0
BRDA:52,29,0,4
BRDA:53,30,0,2
BRDA:55,31,0,1
BRDA:56,32,0,2
BRDA:80,33,0,6
BRDA:84,34,0,0
BRDA:89,35,0,0
BRDA:90,36,0,3
BRDA:92,37,0,3
BRDA:96,38,0,6
BRDA:98,39,0,0
BRDA:102,40,0,6
BRDA:103,41,0,6
BRDA:117,42,0,7
BRDA:119,43,0,1
BRF:44
BRH:30
DA:1,1
DA:2,1
DA:3,1
DA:4,1
DA:5,1
DA:6,1
DA:7,1
DA:8,1
DA:9,1
DA:10,1
DA:11,1
DA:12,1
DA:13,1
DA:14,1
DA:15,1
DA:16,1
DA:17,1
DA:18,1
DA:19,1
DA:20,0
DA:21,0
DA:22,0
DA:23,0
DA:24,1
DA:25,1
DA:26,4
DA:27,4
DA:28,4
DA:29,4
DA:30,4
DA:31,4
DA:32,4
DA:33,4
DA:34,3
DA:35,3
DA:36,4
DA:37,0
DA:38,0
DA:39,0
DA:40,4
DA:41,4
DA:42,4
DA:43,4
DA:44,4
DA:45,4
DA:46,4
DA:47,6
DA:48,0
DA:49,0
DA:50,0
DA:51,4
DA:52,4
DA:53,4
DA:54,2
DA:55,4
DA:56,1
DA:57,2
DA:58,4
DA:59,4
DA:60,4
DA:61,12
DA:62,12
DA:63,6
DA:64,6
DA:65,6
DA:66,6
DA:67,6
DA:68,6
DA:69,12
DA:70,0
DA:71,0
DA:72,0
DA:73,0
DA:74,0
DA:75,0
DA:76,0
DA:77,0
DA:78,0
DA:79,6
DA:80,6
DA:81,6
DA:82,6
DA:83,6
DA:84,6
DA:85,6
DA:86,6
DA:87,6
DA:88,6
DA:89,6
DA:90,6
DA:91,6
DA:92,6
DA:93,6
DA:94,6
DA:95,6
DA:96,6
DA:97,6
DA:98,6
DA:99,6
DA:100,6
DA:101,6
DA:102,6
DA:103,6
DA:104,6
DA:105,6
DA:106,6
DA:107,6
DA:108,12
DA:109,6
DA:110,12
DA:111,12
DA:112,4
DA:113,4
DA:114,4
DA:115,4
DA:116,4
DA:117,4
DA:118,4
DA:119,1
DA:120,1
DA:121,1
DA:122,1
DA:123,1
DA:124,4
DA:125,4
DA:126,4
DA:127,3
DA:128,3
DA:129,3
DA:130,3
DA:131,0
DA:132,0
DA:133,3
DA:134,3
DA:135,4
DA:136,4
DA:137,1
DA:138,1
DA:139,1
DA:140,1
DA:141,0
DA:142,0
DA:143,0
DA:144,0
DA:145,0
DA:146,0
DA:147,0
DA:148,0
LH:119
LF:148
end_of_record
SF:src\search.js
FN:5,sourceFilter
FN:7,anonymous_1
FN:12,requireTable
FN:21,search
FN:40,anonymous_4
FN:41,anonymous_5
FN:44,anonymous_6
FN:46,anonymous_7
FN:49,pick
FN:58,xref
FN:74,getDoc
FN:80,anonymous_11
FN:88,clearCaches
FN:94,loadFns
FN:115,loadMentions
FN:132,coverage
FN:147,anonymous_16
FN:148,anonymous_17
FN:159,normPrefix
FN:165,callgraph
FN:174,node
FN:216,anonymous_21
FN:221,stats
FN:234,anonymous_23
FNDA:3,sourceFilter
FNDA:0,anonymous_1
FNDA:9,requireTable
FNDA:2,search
FNDA:10,anonymous_4
FNDA:6,anonymous_5
FNDA:8,anonymous_6
FNDA:8,anonymous_7
FNDA:14,pick
FNDA:4,xref
FNDA:3,getDoc
FNDA:0,anonymous_11
FNDA:2,clearCaches
FNDA:3,loadFns
FNDA:3,loadMentions
FNDA:3,coverage
FNDA:1,anonymous_16
FNDA:0,anonymous_17
FNDA:0,normPrefix
FNDA:2,callgraph
FNDA:3,node
FNDA:4,anonymous_21
FNDA:5,stats
FNDA:2,anonymous_23
FNF:24
FNH:20
BRDA:1,0,0,1
BRDA:5,1,0,3
BRDA:7,2,0,0
BRDA:7,3,0,0
BRDA:8,4,0,0
BRDA:12,5,0,9
BRDA:14,6,0,0
BRDA:21,7,0,2
BRDA:27,8,0,0
BRDA:33,9,0,0
BRDA:35,10,0,0
BRDA:40,11,0,10
BRDA:41,12,0,6
BRDA:41,13,0,0
BRDA:44,14,0,8
BRDA:46,15,0,8
BRDA:49,16,0,14
BRDA:52,17,0,6
BRDA:58,18,0,1
BRDA:61,19,0,0
BRDA:69,20,0,4
BRDA:74,21,0,3
BRDA:77,22,0,0
BRDA:78,23,0,0
BRDA:88,24,0,2
BRDA:94,25,0,3
BRDA:95,26,0,2
BRDA:95,27,0,1
BRDA:103,28,0,0
BRDA:103,29,0,0
BRDA:106,30,0,0
BRDA:107,31,0,0
BRDA:108,32,0,0
BRDA:110,33,0,1
BRDA:115,34,0,3
BRDA:116,35,0,2
BRDA:116,36,0,1
BRDA:124,37,0,0
BRDA:127,38,0,1
BRDA:132,39,0,1
BRDA:139,40,0,3
BRDA:140,41,0,0
BRDA:140,42,0,0
BRDA:143,43,0,1
BRDA:143,44,0,2
BRDA:146,45,0,0
BRDA:153,46,0,0
BRDA:147,47,0,1
BRDA:165,48,0,2
BRDA:168,49,0,0
BRDA:172,50,0,1
BRDA:191,51,0,1
BRDA:195,52,0,0
BRDA:199,53,0,2
BRDA:201,54,0,1
BRDA:201,55,0,1
BRDA:203,56,0,0
BRDA:210,57,0,1
BRDA:174,58,0,3
BRDA:177,59,0,0
BRDA:180,60,0,0
BRDA:181,61,0,0
BRDA:182,62,0,0
BRDA:183,63,0,2
BRDA:216,64,0,4
BRDA:216,65,0,2
BRDA:221,66,0,1
BRDA:223,67,0,0
BRDA:226,68,0,5
BRDA:234,69,0,2
BRF:70
BRH:41
DA:1,1
DA:2,1
DA:3,1
DA:4,1
DA:5,3
DA:6,3
DA:7,3
DA:8,3
DA:9,3
DA:10,3
DA:11,1
DA:12,9
DA:13,9
DA:14,9
DA:15,9
DA:16,9
DA:17,1
DA:18,1
DA:19,1
DA:20,1
DA:21,1
DA:22,2
DA:23,2
DA:24,2
DA:25,2
DA:26,2
DA:27,2
DA:28,2
DA:29,2
DA:30,2
DA:31,2
DA:32,2
DA:33,2
DA:34,2
DA:35,2
DA:36,2
DA:37,2
DA:38,2
DA:39,2
DA:40,2
DA:41,2
DA:42,2
DA:43,2
DA:44,2
DA:45,2
DA:46,2
DA:47,2
DA:48,1
DA:49,14
DA:50,14
DA:51,14
DA:52,14
DA:53,14
DA:54,14
DA:55,1
DA:56,1
DA:57,1
DA:58,1
DA:59,1
DA:60,1
DA:61,1
DA:62,1
DA:63,1
DA:64,1
DA:65,1
DA:66,1
DA:67,1
DA:68,1
DA:69,1
DA:70,1
DA:71,1
DA:72,1
DA:73,1
DA:74,1
DA:75,3
DA:76,3
DA:77,3
DA:78,3
DA:79,3
DA:80,3
DA:81,3
DA:82,3
DA:83,1
DA:84,1
DA:85,1
DA:86,1
DA:87,1
DA:88,1
DA:89,2
DA:90,2
DA:91,2
DA:92,1
DA:93,1
DA:94,3
DA:95,3
DA:96,1
DA:97,1
DA:98,1
DA:99,1
DA:100,1
DA:101,3
DA:102,3
DA:103,3
DA:104,3
DA:105,3
DA:106,3
DA:107,3
DA:108,3
DA:109,3
DA:110,3
DA:111,1
DA:112,3
DA:113,1
DA:114,1
DA:115,3
DA:116,3
DA:117,1
DA:118,1
DA:119,1
DA:120,1
DA:121,1
DA:122,1
DA:123,1
DA:124,1
DA:125,1
DA:126,1
DA:127,1
DA:128,1
DA:129,3
DA:130,1
DA:131,1
DA:132,1
DA:133,1
DA:134,1
DA:135,1
DA:136,1
DA:137,1
DA:138,1
DA:139,1
DA:140,3
DA:141,3
DA:142,3
DA:143,3
DA:144,2
DA:145,3
DA:146,1
DA:147,1
DA:148,1
DA:149,1
DA:150,1
DA:151,1
DA:152,1
DA:153,1
DA:154,1
DA:155,1
DA:156,1
DA:157,1
DA:158,1
DA:159,0
DA:160,0
DA:161,0
DA:162,1
DA:163,1
DA:164,1
DA:165,1
DA:166,2
DA:167,2
DA:168,2
DA:169,2
DA:170,2
DA:171,2
DA:172,2
DA:173,1
DA:174,1
DA:175,3
DA:176,3
DA:177,3
DA:178,3
DA:179,3
DA:180,3
DA:181,3
DA:182,3
DA:183,3
DA:184,3
DA:185,1
DA:186,1
DA:187,1
DA:188,1
DA:189,1
DA:190,1
DA:191,2
DA:192,1
DA:193,1
DA:194,1
DA:195,1
DA:196,1
DA:197,1
DA:198,1
DA:199,1
DA:200,2
DA:201,2
DA:202,2
DA:203,2
DA:204,2
DA:205,2
DA:206,2
DA:207,2
DA:208,1
DA:209,1
DA:210,1
DA:211,1
DA:212,1
DA:213,1
DA:214,1
DA:215,1
DA:216,1
DA:217,1
DA:218,1
DA:219,2
DA:220,1
DA:221,1
DA:222,1
DA:223,1
DA:224,1
DA:225,1
DA:226,1
DA:227,5
DA:228,5
DA:229,5
DA:230,1
DA:231,1
DA:232,1
DA:233,1
DA:234,1
DA:235,1
DA:236,1
DA:237,1
LH:234
LF:237
end_of_record
SF:src\sources.js
FN:13,rel
FN:17,walk
FN:25,anonymous_2
FN:33,chunksFor
FN:42,fileDocs
FN:71,memoryDocs
FN:95,usableText
FN:104,conversationDoc
FN:162,conversationDocs
FN:171,commitDocs
FN:201,ghidraDocs
FN:214,flush
FN:222,anonymous_12
FN:225,anonymous_13
FN:226,anonymous_14
FN:256,allDocs
FNDA:22,rel
FNDA:13,walk
FNDA:0,anonymous_2
FNDA:11,chunksFor
FNDA:13,fileDocs
FNDA:2,memoryDocs
FNDA:45,usableText
FNDA:8,conversationDoc
FNDA:1,conversationDocs
FNDA:2,commitDocs
FNDA:110,ghidraDocs
FNDA:20,flush
FNDA:10,anonymous_12
FNDA:30,anonymous_13
FNDA:25,anonymous_14
FNDA:8,allDocs
FNF:16
FNH:15
BRDA:1,0,0,2
BRDA:13,1,0,22
BRDA:17,2,0,6
BRDA:20,3,0,13
BRDA:19,4,0,0
BRDA:22,5,0,0
BRDA:33,6,0,11
BRDA:35,7,0,0
BRDA:37,8,0,0
BRDA:42,9,0,6
BRDA:46,10,0,13
BRDA:47,11,0,2
BRDA:45,12,0,0
BRDA:50,13,0,0
BRDA:54,14,0,9
BRDA:56,15,0,0
BRDA:57,16,0,0
BRDA:71,17,0,2
BRDA:72,18,0,0
BRDA:74,19,0,0
BRDA:95,20,0,6
BRDA:96,21,0,0
BRDA:98,22,0,45
BRDA:98,23,0,2
BRDA:98,24,0,4
BRDA:100,25,0,0
BRDA:104,26,0,1
BRDA:112,27,0,8
BRDA:114,28,0,0
BRDA:115,29,0,1
BRDA:115,30,0,1
BRDA:118,31,0,7
BRDA:119,32,0,3
BRDA:119,33,0,0
BRDA:119,34,0,7
BRDA:121,35,0,4
BRDA:121,36,0,3
BRDA:122,37,0,1
BRDA:122,38,0,6
BRDA:124,39,0,4
BRDA:124,40,0,3
BRDA:126,41,0,2
BRDA:126,42,0,2
BRDA:127,43,0,7
BRDA:128,44,0,6
BRDA:130,45,0,2
BRDA:130,46,0,4
BRDA:131,47,0,1
BRDA:131,48,0,1
BRDA:131,49,0,1
BRDA:131,50,0,4
BRDA:133,51,0,7
BRDA:138,52,0,5
BRDA:139,53,0,0
BRDA:139,54,0,0
BRDA:144,55,0,0
BRDA:145,56,0,0
BRDA:145,57,0,0
BRDA:146,58,0,4
BRDA:146,59,0,1
BRDA:154,60,0,0
BRDA:162,61,0,1
BRDA:163,62,0,0
BRDA:165,63,0,0
BRDA:171,64,0,1
BRDA:179,65,0,0
BRDA:182,66,0,2
BRDA:184,67,0,1
BRDA:184,68,0,1
BRDA:189,69,0,0
BRDA:192,70,0,1
BRDA:201,71,0,5
BRDA:239,72,0,110
BRDA:241,73,0,15
BRDA:243,74,0,10
BRDA:247,75,0,95
BRDA:247,76,0,85
BRDA:203,77,0,0
BRDA:214,78,0,20
BRDA:215,79,0,5
BRDA:215,80,0,15
BRDA:222,81,0,5
BRDA:237,82,0,15
BRDA:225,83,0,0
BRDA:237,84,0,0
BRDA:222,85,0,10
BRDA:225,86,0,30
BRDA:226,87,0,25
BRDA:256,88,0,5
BRDA:257,89,0,8
BRDA:258,90,0,1
BRDA:258,91,0,2
BRDA:261,92,0,1
BRDA:259,93,0,0
BRDA:260,94,0,0
BRDA:261,95,0,1
BRDA:261,96,0,4
BRF:97
BRH:68
DA:1,2
DA:2,2
DA:3,2
DA:4,2
DA:5,2
DA:6,2
DA:7,2
DA:8,2
DA:9,2
DA:10,2
DA:11,2
DA:12,2
DA:13,22
DA:14,22
DA:15,22
DA:16,2
DA:17,6
DA:18,6
DA:19,6
DA:20,6
DA:21,13
DA:22,13
DA:23,0
DA:24,0
DA:25,0
DA:26,0
DA:27,13
DA:28,13
DA:29,13
DA:30,13
DA:31,6
DA:32,2
DA:33,11
DA:34,11
DA:35,11
DA:36,11
DA:37,11
DA:38,0
DA:39,11
DA:40,2
DA:41,2
DA:42,2
DA:43,6
DA:44,6
DA:45,6
DA:46,6
DA:47,13
DA:48,13
DA:49,6
DA:50,6
DA:51,0
DA:52,0
DA:53,0
DA:54,6
DA:55,9
DA:56,9
DA:57,9
DA:58,9
DA:59,9
DA:60,9
DA:61,9
DA:62,9
DA:63,9
DA:64,9
DA:65,9
DA:66,9
DA:67,9
DA:68,6
DA:69,2
DA:70,2
DA:71,2
DA:72,2
DA:73,2
DA:74,2
DA:75,2
DA:76,2
DA:77,2
DA:78,2
DA:79,2
DA:80,2
DA:81,2
DA:82,2
DA:83,2
DA:84,2
DA:85,2
DA:86,2
DA:87,2
DA:88,2
DA:89,2
DA:90,2
DA:91,2
DA:92,2
DA:93,2
DA:94,2
DA:95,6
DA:96,6
DA:97,6
DA:98,6
DA:99,4
DA:100,6
DA:101,6
DA:102,2
DA:103,2
DA:104,1
DA:105,1
DA:106,1
DA:107,1
DA:108,1
DA:109,1
DA:110,1
DA:111,1
DA:112,1
DA:113,8
DA:114,8
DA:115,8
DA:116,1
DA:117,1
DA:118,1
DA:119,8
DA:120,8
DA:121,8
DA:122,8
DA:123,8
DA:124,8
DA:125,3
DA:126,3
DA:127,3
DA:128,8
DA:129,6
DA:130,6
DA:131,6
DA:132,4
DA:133,4
DA:134,7
DA:135,1
DA:136,1
DA:137,1
DA:138,1
DA:139,5
DA:140,0
DA:141,0
DA:142,0
DA:143,5
DA:144,5
DA:145,5
DA:146,5
DA:147,5
DA:148,5
DA:149,1
DA:150,1
DA:151,1
DA:152,1
DA:153,1
DA:154,1
DA:155,1
DA:156,1
DA:157,1
DA:158,1
DA:159,1
DA:160,1
DA:161,2
DA:162,2
DA:163,1
DA:164,1
DA:165,1
DA:166,1
DA:167,1
DA:168,1
DA:169,2
DA:170,2
DA:171,2
DA:172,1
DA:173,1
DA:174,1
DA:175,1
DA:176,1
DA:177,1
DA:178,1
DA:179,1
DA:180,0
DA:181,0
DA:182,1
DA:183,2
DA:184,2
DA:185,1
DA:186,1
DA:187,1
DA:188,1
DA:189,2
DA:190,2
DA:191,2
DA:192,2
DA:193,1
DA:194,1
DA:195,2
DA:196,2
DA:197,2
DA:198,2
DA:199,2
DA:200,2
DA:201,2
DA:202,5
DA:203,5
DA:204,0
DA:205,0
DA:206,0
DA:207,5
DA:208,5
DA:209,5
DA:210,5
DA:211,5
DA:212,5
DA:213,5
DA:214,5
DA:215,20
DA:216,15
DA:217,15
DA:218,15
DA:219,15
DA:220,15
DA:221,15
DA:222,20
DA:223,20
DA:224,20
DA:225,20
DA:226,20
DA:227,20
DA:228,20
DA:229,20
DA:230,20
DA:231,20
DA:232,20
DA:233,20
DA:234,20
DA:235,20
DA:236,20
DA:237,20
DA:238,5
DA:239,5
DA:240,110
DA:241,110
DA:242,15
DA:243,15
DA:244,15
DA:245,15
DA:246,15
DA:247,110
DA:248,85
DA:249,85
DA:250,110
DA:251,5
DA:252,5
DA:253,5
DA:254,2
DA:255,2
DA:256,2
DA:257,5
DA:258,8
DA:259,2
DA:260,2
DA:261,2
DA:262,4
DA:263,8
DA:264,5
DA:265,2
DA:266,2
LH:250
LF:266
end_of_record
